2020-12-26 12:06:18,409 WARN com.zaxxer.hikari.pool.HikariPool [HikariPool-25 housekeeper] HikariPool-25 - Thread starvation or clock leap detected (housekeeper delta=12h16m10s590ms368µs700ns).
2020-12-26 12:07:17,833 WARN com.zaxxer.hikari.pool.HikariPool [HikariPool-25 housekeeper] HikariPool-25 - Thread starvation or clock leap detected (housekeeper delta=59s423ms662µs600ns).
2020-12-26 19:29:54,404 INFO org.springframework.boot.test.context.SpringBootTestContextBootstrapper [main] Neither @ContextConfiguration nor @ContextHierarchy found for test class [com.capgemini.Zfitnessapp.controllerTest.AdminControllerTest], using SpringBootContextLoader
2020-12-26 19:29:54,412 INFO org.springframework.test.context.support.AbstractContextLoader [main] Could not detect default resource locations for test class [com.capgemini.Zfitnessapp.controllerTest.AdminControllerTest]: no resource found for suffixes {-context.xml, Context.groovy}.
2020-12-26 19:29:54,837 INFO org.springframework.boot.test.context.SpringBootTestContextBootstrapper [main] Loaded default TestExecutionListener class names from location [META-INF/spring.factories]: [org.springframework.boot.test.mock.mockito.MockitoTestExecutionListener, org.springframework.boot.test.mock.mockito.ResetMocksTestExecutionListener, org.springframework.boot.test.autoconfigure.restdocs.RestDocsTestExecutionListener, org.springframework.boot.test.autoconfigure.web.client.MockRestServiceServerResetTestExecutionListener, org.springframework.boot.test.autoconfigure.web.servlet.MockMvcPrintOnlyOnFailureTestExecutionListener, org.springframework.boot.test.autoconfigure.web.servlet.WebDriverTestExecutionListener, org.springframework.boot.test.autoconfigure.webservices.client.MockWebServiceServerTestExecutionListener, org.springframework.test.context.web.ServletTestExecutionListener, org.springframework.test.context.support.DirtiesContextBeforeModesTestExecutionListener, org.springframework.test.context.support.DependencyInjectionTestExecutionListener, org.springframework.test.context.support.DirtiesContextTestExecutionListener, org.springframework.test.context.transaction.TransactionalTestExecutionListener, org.springframework.test.context.jdbc.SqlScriptsTestExecutionListener, org.springframework.test.context.event.EventPublishingTestExecutionListener]
2020-12-26 19:29:54,868 INFO org.springframework.boot.test.context.SpringBootTestContextBootstrapper [main] Using TestExecutionListeners: [org.springframework.test.context.web.ServletTestExecutionListener@1e13529a, org.springframework.test.context.support.DirtiesContextBeforeModesTestExecutionListener@1ec9bd38, org.springframework.boot.test.mock.mockito.MockitoTestExecutionListener@452e19ca, org.springframework.boot.test.autoconfigure.SpringBootDependencyInjectionTestExecutionListener@6b0d80ed, org.springframework.test.context.support.DirtiesContextTestExecutionListener@6f8e8894, org.springframework.test.context.transaction.TransactionalTestExecutionListener@3cfdd820, org.springframework.test.context.jdbc.SqlScriptsTestExecutionListener@928763c, org.springframework.test.context.event.EventPublishingTestExecutionListener@e25951c, org.springframework.boot.test.mock.mockito.ResetMocksTestExecutionListener@15f47664, org.springframework.boot.test.autoconfigure.restdocs.RestDocsTestExecutionListener@471a9022, org.springframework.boot.test.autoconfigure.web.client.MockRestServiceServerResetTestExecutionListener@dc9876b, org.springframework.boot.test.autoconfigure.web.servlet.MockMvcPrintOnlyOnFailureTestExecutionListener@2f666ebb, org.springframework.boot.test.autoconfigure.web.servlet.WebDriverTestExecutionListener@19976a65, org.springframework.boot.test.autoconfigure.webservices.client.MockWebServiceServerTestExecutionListener@a1f72f5]
2020-12-26 19:29:55,449 INFO com.capgemini.Zfitnessapp.controllerTest.AdminControllerTest [main] Starting AdminControllerTest using Java 1.8.0_271 on Ankita with PID 19088 (started by DELL in D:\Capgemini Drive content training\Team 4 (Sprint 1 )\Z-fitness-app)
2020-12-26 19:29:55,450 DEBUG com.capgemini.Zfitnessapp.controllerTest.AdminControllerTest [main] Running with Spring Boot v2.4.1, Spring v5.3.2
2020-12-26 19:29:55,452 INFO com.capgemini.Zfitnessapp.controllerTest.AdminControllerTest [main] No active profile set, falling back to default profiles: default
2020-12-26 19:29:56,929 INFO org.springframework.data.repository.config.RepositoryConfigurationDelegate [main] Bootstrapping Spring Data JPA repositories in DEFAULT mode.
2020-12-26 19:29:57,035 INFO org.springframework.data.repository.config.RepositoryConfigurationDelegate [main] Finished Spring Data repository scanning in 80 ms. Found 4 JPA repository interfaces.
2020-12-26 19:30:03,222 INFO org.springframework.boot.web.embedded.tomcat.TomcatWebServer [main] Tomcat initialized with port(s): 0 (http)
2020-12-26 19:30:03,333 INFO org.apache.coyote.http11.Http11NioProtocol [main] Initializing ProtocolHandler ["http-nio-auto-1"]
2020-12-26 19:30:03,336 INFO org.apache.catalina.core.StandardService [main] Starting service [Tomcat]
2020-12-26 19:30:03,338 INFO org.apache.catalina.core.StandardEngine [main] Starting Servlet engine: [Apache Tomcat/9.0.41]
2020-12-26 19:30:03,345 INFO org.apache.catalina.core.AprLifecycleListener [main] Loaded Apache Tomcat Native library [1.2.25] using APR version [1.7.0].
2020-12-26 19:30:03,347 INFO org.apache.catalina.core.AprLifecycleListener [main] APR capabilities: IPv6 [true], sendfile [true], accept filters [false], random [true].
2020-12-26 19:30:03,348 INFO org.apache.catalina.core.AprLifecycleListener [main] APR/OpenSSL configuration: useAprConnector [false], useOpenSSL [true]
2020-12-26 19:30:03,367 INFO org.apache.catalina.core.AprLifecycleListener [main] OpenSSL successfully initialized [OpenSSL 1.1.1g  21 Apr 2020]
2020-12-26 19:30:03,714 INFO org.apache.catalina.core.ContainerBase.[Tomcat].[localhost].[/springfox] [main] Initializing Spring embedded WebApplicationContext
2020-12-26 19:30:03,714 INFO org.springframework.boot.web.servlet.context.ServletWebServerApplicationContext [main] Root WebApplicationContext: initialization completed in 8231 ms
2020-12-26 19:30:04,734 INFO org.hibernate.jpa.internal.util.LogHelper [main] HHH000204: Processing PersistenceUnitInfo [name: default]
2020-12-26 19:30:04,826 INFO org.hibernate.Version [main] HHH000412: Hibernate ORM core version 5.4.25.Final
2020-12-26 19:30:04,901 INFO org.hibernate.annotations.common.Version [main] HCANN000001: Hibernate Commons Annotations {5.1.2.Final}
2020-12-26 19:30:05,327 INFO com.zaxxer.hikari.HikariDataSource [main] HikariPool-1 - Starting...
2020-12-26 19:30:05,940 INFO com.zaxxer.hikari.HikariDataSource [main] HikariPool-1 - Start completed.
2020-12-26 19:30:06,106 INFO org.hibernate.dialect.Dialect [main] HHH000400: Using dialect: org.hibernate.dialect.PostgreSQL10Dialect
2020-12-26 19:30:12,105 INFO org.hibernate.engine.transaction.jta.platform.internal.JtaPlatformInitiator [main] HHH000490: Using JtaPlatform implementation: [org.hibernate.engine.transaction.jta.platform.internal.NoJtaPlatform]
2020-12-26 19:30:12,196 INFO org.springframework.orm.jpa.LocalContainerEntityManagerFactoryBean [main] Initialized JPA EntityManagerFactory for persistence unit 'default'
2020-12-26 19:30:13,869 WARN org.springframework.boot.autoconfigure.orm.jpa.JpaBaseConfiguration$JpaWebConfiguration [main] spring.jpa.open-in-view is enabled by default. Therefore, database queries may be performed during view rendering. Explicitly configure spring.jpa.open-in-view to disable this warning
2020-12-26 19:30:14,509 INFO org.springframework.boot.actuate.endpoint.web.EndpointLinksResolver [main] Exposing 2 endpoint(s) beneath base path '/actuator'
2020-12-26 19:30:16,288 INFO org.apache.catalina.core.ContainerBase.[Tomcat].[localhost].[/springfox] [main] Initializing Spring TestDispatcherServlet ''
2020-12-26 19:30:16,288 INFO org.springframework.test.web.servlet.TestDispatcherServlet [main] Initializing Servlet ''
2020-12-26 19:30:16,291 INFO org.springframework.test.web.servlet.TestDispatcherServlet [main] Completed initialization in 3 ms
2020-12-26 19:30:16,481 INFO org.apache.coyote.http11.Http11NioProtocol [main] Starting ProtocolHandler ["http-nio-auto-1"]
2020-12-26 19:30:16,611 INFO org.springframework.boot.web.embedded.tomcat.TomcatWebServer [main] Tomcat started on port(s): 56953 (http) with context path '/springfox'
2020-12-26 19:30:17,330 INFO com.capgemini.Zfitnessapp.controllerTest.AdminControllerTest [main] Started AdminControllerTest in 22.385 seconds (JVM running for 25.204)
2020-12-26 19:30:18,304 WARN org.springframework.web.servlet.mvc.support.DefaultHandlerExceptionResolver [main] Resolved [org.springframework.http.converter.HttpMessageNotReadableException: JSON parse error: Cannot construct instance of `com.capgemini.fitness.entity.Admin` (although at least one Creator exists): no int/Int-argument constructor/factory method to deserialize from Number value (1); nested exception is com.fasterxml.jackson.databind.exc.MismatchedInputException: Cannot construct instance of `com.capgemini.fitness.entity.Admin` (although at least one Creator exists): no int/Int-argument constructor/factory method to deserialize from Number value (1)
 at [Source: (PushbackInputStream); line: 1, column: 1]]
2020-12-26 19:30:18,856 INFO org.springframework.orm.jpa.LocalContainerEntityManagerFactoryBean [SpringContextShutdownHook] Closing JPA EntityManagerFactory for persistence unit 'default'
2020-12-26 19:30:18,875 INFO com.zaxxer.hikari.HikariDataSource [SpringContextShutdownHook] HikariPool-1 - Shutdown initiated...
2020-12-26 19:30:18,884 INFO com.zaxxer.hikari.HikariDataSource [SpringContextShutdownHook] HikariPool-1 - Shutdown completed.
2020-12-26 19:34:12,243 INFO org.springframework.boot.test.context.SpringBootTestContextBootstrapper [main] Neither @ContextConfiguration nor @ContextHierarchy found for test class [com.capgemini.Zfitnessapp.controllerTest.AdminControllerTest], using SpringBootContextLoader
2020-12-26 19:34:12,251 INFO org.springframework.test.context.support.AbstractContextLoader [main] Could not detect default resource locations for test class [com.capgemini.Zfitnessapp.controllerTest.AdminControllerTest]: no resource found for suffixes {-context.xml, Context.groovy}.
2020-12-26 19:34:12,565 INFO org.springframework.boot.test.context.SpringBootTestContextBootstrapper [main] Loaded default TestExecutionListener class names from location [META-INF/spring.factories]: [org.springframework.boot.test.mock.mockito.MockitoTestExecutionListener, org.springframework.boot.test.mock.mockito.ResetMocksTestExecutionListener, org.springframework.boot.test.autoconfigure.restdocs.RestDocsTestExecutionListener, org.springframework.boot.test.autoconfigure.web.client.MockRestServiceServerResetTestExecutionListener, org.springframework.boot.test.autoconfigure.web.servlet.MockMvcPrintOnlyOnFailureTestExecutionListener, org.springframework.boot.test.autoconfigure.web.servlet.WebDriverTestExecutionListener, org.springframework.boot.test.autoconfigure.webservices.client.MockWebServiceServerTestExecutionListener, org.springframework.test.context.web.ServletTestExecutionListener, org.springframework.test.context.support.DirtiesContextBeforeModesTestExecutionListener, org.springframework.test.context.support.DependencyInjectionTestExecutionListener, org.springframework.test.context.support.DirtiesContextTestExecutionListener, org.springframework.test.context.transaction.TransactionalTestExecutionListener, org.springframework.test.context.jdbc.SqlScriptsTestExecutionListener, org.springframework.test.context.event.EventPublishingTestExecutionListener]
2020-12-26 19:34:12,590 INFO org.springframework.boot.test.context.SpringBootTestContextBootstrapper [main] Using TestExecutionListeners: [org.springframework.test.context.web.ServletTestExecutionListener@1e13529a, org.springframework.test.context.support.DirtiesContextBeforeModesTestExecutionListener@1ec9bd38, org.springframework.boot.test.mock.mockito.MockitoTestExecutionListener@452e19ca, org.springframework.boot.test.autoconfigure.SpringBootDependencyInjectionTestExecutionListener@6b0d80ed, org.springframework.test.context.support.DirtiesContextTestExecutionListener@6f8e8894, org.springframework.test.context.transaction.TransactionalTestExecutionListener@3cfdd820, org.springframework.test.context.jdbc.SqlScriptsTestExecutionListener@928763c, org.springframework.test.context.event.EventPublishingTestExecutionListener@e25951c, org.springframework.boot.test.mock.mockito.ResetMocksTestExecutionListener@15f47664, org.springframework.boot.test.autoconfigure.restdocs.RestDocsTestExecutionListener@471a9022, org.springframework.boot.test.autoconfigure.web.client.MockRestServiceServerResetTestExecutionListener@dc9876b, org.springframework.boot.test.autoconfigure.web.servlet.MockMvcPrintOnlyOnFailureTestExecutionListener@2f666ebb, org.springframework.boot.test.autoconfigure.web.servlet.WebDriverTestExecutionListener@19976a65, org.springframework.boot.test.autoconfigure.webservices.client.MockWebServiceServerTestExecutionListener@a1f72f5]
2020-12-26 19:34:13,112 INFO com.capgemini.Zfitnessapp.controllerTest.AdminControllerTest [main] Starting AdminControllerTest using Java 1.8.0_271 on Ankita with PID 19180 (started by DELL in D:\Capgemini Drive content training\Team 4 (Sprint 1 )\Z-fitness-app)
2020-12-26 19:34:13,112 DEBUG com.capgemini.Zfitnessapp.controllerTest.AdminControllerTest [main] Running with Spring Boot v2.4.1, Spring v5.3.2
2020-12-26 19:34:13,116 INFO com.capgemini.Zfitnessapp.controllerTest.AdminControllerTest [main] No active profile set, falling back to default profiles: default
2020-12-26 19:34:14,620 INFO org.springframework.data.repository.config.RepositoryConfigurationDelegate [main] Bootstrapping Spring Data JPA repositories in DEFAULT mode.
2020-12-26 19:34:14,717 INFO org.springframework.data.repository.config.RepositoryConfigurationDelegate [main] Finished Spring Data repository scanning in 86 ms. Found 4 JPA repository interfaces.
2020-12-26 19:34:17,525 INFO org.springframework.boot.web.embedded.tomcat.TomcatWebServer [main] Tomcat initialized with port(s): 0 (http)
2020-12-26 19:34:17,545 INFO org.apache.coyote.http11.Http11NioProtocol [main] Initializing ProtocolHandler ["http-nio-auto-1"]
2020-12-26 19:34:17,546 INFO org.apache.catalina.core.StandardService [main] Starting service [Tomcat]
2020-12-26 19:34:17,547 INFO org.apache.catalina.core.StandardEngine [main] Starting Servlet engine: [Apache Tomcat/9.0.41]
2020-12-26 19:34:17,548 INFO org.apache.catalina.core.AprLifecycleListener [main] Loaded Apache Tomcat Native library [1.2.25] using APR version [1.7.0].
2020-12-26 19:34:17,548 INFO org.apache.catalina.core.AprLifecycleListener [main] APR capabilities: IPv6 [true], sendfile [true], accept filters [false], random [true].
2020-12-26 19:34:17,549 INFO org.apache.catalina.core.AprLifecycleListener [main] APR/OpenSSL configuration: useAprConnector [false], useOpenSSL [true]
2020-12-26 19:34:17,553 INFO org.apache.catalina.core.AprLifecycleListener [main] OpenSSL successfully initialized [OpenSSL 1.1.1g  21 Apr 2020]
2020-12-26 19:34:17,884 INFO org.apache.catalina.core.ContainerBase.[Tomcat].[localhost].[/springfox] [main] Initializing Spring embedded WebApplicationContext
2020-12-26 19:34:17,885 INFO org.springframework.boot.web.servlet.context.ServletWebServerApplicationContext [main] Root WebApplicationContext: initialization completed in 4744 ms
2020-12-26 19:34:18,757 INFO org.hibernate.jpa.internal.util.LogHelper [main] HHH000204: Processing PersistenceUnitInfo [name: default]
2020-12-26 19:34:18,866 INFO org.hibernate.Version [main] HHH000412: Hibernate ORM core version 5.4.25.Final
2020-12-26 19:34:18,973 INFO org.hibernate.annotations.common.Version [main] HCANN000001: Hibernate Commons Annotations {5.1.2.Final}
2020-12-26 19:34:19,153 INFO com.zaxxer.hikari.HikariDataSource [main] HikariPool-1 - Starting...
2020-12-26 19:34:19,373 INFO com.zaxxer.hikari.HikariDataSource [main] HikariPool-1 - Start completed.
2020-12-26 19:34:19,441 INFO org.hibernate.dialect.Dialect [main] HHH000400: Using dialect: org.hibernate.dialect.PostgreSQL10Dialect
2020-12-26 19:34:22,397 INFO org.hibernate.engine.transaction.jta.platform.internal.JtaPlatformInitiator [main] HHH000490: Using JtaPlatform implementation: [org.hibernate.engine.transaction.jta.platform.internal.NoJtaPlatform]
2020-12-26 19:34:22,427 INFO org.springframework.orm.jpa.LocalContainerEntityManagerFactoryBean [main] Initialized JPA EntityManagerFactory for persistence unit 'default'
2020-12-26 19:34:24,361 WARN org.springframework.boot.autoconfigure.orm.jpa.JpaBaseConfiguration$JpaWebConfiguration [main] spring.jpa.open-in-view is enabled by default. Therefore, database queries may be performed during view rendering. Explicitly configure spring.jpa.open-in-view to disable this warning
2020-12-26 19:34:25,576 INFO org.springframework.boot.actuate.endpoint.web.EndpointLinksResolver [main] Exposing 2 endpoint(s) beneath base path '/actuator'
2020-12-26 19:34:27,425 INFO org.apache.catalina.core.ContainerBase.[Tomcat].[localhost].[/springfox] [main] Initializing Spring TestDispatcherServlet ''
2020-12-26 19:34:27,425 INFO org.springframework.test.web.servlet.TestDispatcherServlet [main] Initializing Servlet ''
2020-12-26 19:34:27,427 INFO org.springframework.test.web.servlet.TestDispatcherServlet [main] Completed initialization in 2 ms
2020-12-26 19:34:28,029 INFO org.apache.coyote.http11.Http11NioProtocol [main] Starting ProtocolHandler ["http-nio-auto-1"]
2020-12-26 19:34:28,101 INFO org.springframework.boot.web.embedded.tomcat.TomcatWebServer [main] Tomcat started on port(s): 57025 (http) with context path '/springfox'
2020-12-26 19:34:28,920 INFO com.capgemini.Zfitnessapp.controllerTest.AdminControllerTest [main] Started AdminControllerTest in 16.267 seconds (JVM running for 18.072)
2020-12-26 19:34:29,473 DEBUG com.capgemini.fitness.aspect.AdminLoggerAspect [main] Entering method : com.capgemini.fitness.controller.AdminNewController.addAdmin() with argument[s] = [Admin(admin_id=1, admin_name=pall, emailId=pune, address=abcgmail.com, mobileNo=987654321)]
2020-12-26 19:34:29,499 INFO com.capgemini.fitness.aspect.AdminLoggerAspect [main] Admin Added.
2020-12-26 19:34:29,499 DEBUG com.capgemini.fitness.aspect.AdminLoggerAspect [main] Exiting method: com.capgemini.fitness.controller.AdminNewController.addAdmin() with result = admin:pall added to database
2020-12-26 19:34:30,232 INFO org.springframework.orm.jpa.LocalContainerEntityManagerFactoryBean [SpringContextShutdownHook] Closing JPA EntityManagerFactory for persistence unit 'default'
2020-12-26 19:34:30,235 INFO com.zaxxer.hikari.HikariDataSource [SpringContextShutdownHook] HikariPool-1 - Shutdown initiated...
2020-12-26 19:34:30,247 INFO com.zaxxer.hikari.HikariDataSource [SpringContextShutdownHook] HikariPool-1 - Shutdown completed.
2020-12-26 19:47:55,547 INFO org.springframework.boot.test.context.SpringBootTestContextBootstrapper [main] Neither @ContextConfiguration nor @ContextHierarchy found for test class [com.capgemini.Zfitnessapp.controllerTest.AdminControllerTest], using SpringBootContextLoader
2020-12-26 19:47:55,553 INFO org.springframework.test.context.support.AbstractContextLoader [main] Could not detect default resource locations for test class [com.capgemini.Zfitnessapp.controllerTest.AdminControllerTest]: no resource found for suffixes {-context.xml, Context.groovy}.
2020-12-26 19:47:55,817 INFO org.springframework.boot.test.context.SpringBootTestContextBootstrapper [main] Loaded default TestExecutionListener class names from location [META-INF/spring.factories]: [org.springframework.boot.test.mock.mockito.MockitoTestExecutionListener, org.springframework.boot.test.mock.mockito.ResetMocksTestExecutionListener, org.springframework.boot.test.autoconfigure.restdocs.RestDocsTestExecutionListener, org.springframework.boot.test.autoconfigure.web.client.MockRestServiceServerResetTestExecutionListener, org.springframework.boot.test.autoconfigure.web.servlet.MockMvcPrintOnlyOnFailureTestExecutionListener, org.springframework.boot.test.autoconfigure.web.servlet.WebDriverTestExecutionListener, org.springframework.boot.test.autoconfigure.webservices.client.MockWebServiceServerTestExecutionListener, org.springframework.test.context.web.ServletTestExecutionListener, org.springframework.test.context.support.DirtiesContextBeforeModesTestExecutionListener, org.springframework.test.context.support.DependencyInjectionTestExecutionListener, org.springframework.test.context.support.DirtiesContextTestExecutionListener, org.springframework.test.context.transaction.TransactionalTestExecutionListener, org.springframework.test.context.jdbc.SqlScriptsTestExecutionListener, org.springframework.test.context.event.EventPublishingTestExecutionListener]
2020-12-26 19:47:55,839 INFO org.springframework.boot.test.context.SpringBootTestContextBootstrapper [main] Using TestExecutionListeners: [org.springframework.test.context.web.ServletTestExecutionListener@3cfdd820, org.springframework.test.context.support.DirtiesContextBeforeModesTestExecutionListener@928763c, org.springframework.boot.test.mock.mockito.MockitoTestExecutionListener@e25951c, org.springframework.boot.test.autoconfigure.SpringBootDependencyInjectionTestExecutionListener@15f47664, org.springframework.test.context.support.DirtiesContextTestExecutionListener@471a9022, org.springframework.test.context.transaction.TransactionalTestExecutionListener@dc9876b, org.springframework.test.context.jdbc.SqlScriptsTestExecutionListener@2f666ebb, org.springframework.test.context.event.EventPublishingTestExecutionListener@19976a65, org.springframework.boot.test.mock.mockito.ResetMocksTestExecutionListener@a1f72f5, org.springframework.boot.test.autoconfigure.restdocs.RestDocsTestExecutionListener@4b2c5e02, org.springframework.boot.test.autoconfigure.web.client.MockRestServiceServerResetTestExecutionListener@57a3e26a, org.springframework.boot.test.autoconfigure.web.servlet.MockMvcPrintOnlyOnFailureTestExecutionListener@75c56eb9, org.springframework.boot.test.autoconfigure.web.servlet.WebDriverTestExecutionListener@4bc222e, org.springframework.boot.test.autoconfigure.webservices.client.MockWebServiceServerTestExecutionListener@2dc9b0f5]
2020-12-26 19:47:56,375 INFO com.capgemini.Zfitnessapp.controllerTest.AdminControllerTest [main] Starting AdminControllerTest using Java 1.8.0_271 on Ankita with PID 6476 (started by DELL in D:\Capgemini Drive content training\Team 4 (Sprint 1 )\Z-fitness-app)
2020-12-26 19:47:56,376 DEBUG com.capgemini.Zfitnessapp.controllerTest.AdminControllerTest [main] Running with Spring Boot v2.4.1, Spring v5.3.2
2020-12-26 19:47:56,382 INFO com.capgemini.Zfitnessapp.controllerTest.AdminControllerTest [main] No active profile set, falling back to default profiles: default
2020-12-26 19:47:57,934 INFO org.springframework.data.repository.config.RepositoryConfigurationDelegate [main] Bootstrapping Spring Data JPA repositories in DEFAULT mode.
2020-12-26 19:47:58,027 INFO org.springframework.data.repository.config.RepositoryConfigurationDelegate [main] Finished Spring Data repository scanning in 82 ms. Found 4 JPA repository interfaces.
2020-12-26 19:48:00,016 INFO org.springframework.boot.web.embedded.tomcat.TomcatWebServer [main] Tomcat initialized with port(s): 0 (http)
2020-12-26 19:48:00,047 INFO org.apache.coyote.http11.Http11NioProtocol [main] Initializing ProtocolHandler ["http-nio-auto-1"]
2020-12-26 19:48:00,048 INFO org.apache.catalina.core.StandardService [main] Starting service [Tomcat]
2020-12-26 19:48:00,048 INFO org.apache.catalina.core.StandardEngine [main] Starting Servlet engine: [Apache Tomcat/9.0.41]
2020-12-26 19:48:00,050 INFO org.apache.catalina.core.AprLifecycleListener [main] Loaded Apache Tomcat Native library [1.2.25] using APR version [1.7.0].
2020-12-26 19:48:00,051 INFO org.apache.catalina.core.AprLifecycleListener [main] APR capabilities: IPv6 [true], sendfile [true], accept filters [false], random [true].
2020-12-26 19:48:00,051 INFO org.apache.catalina.core.AprLifecycleListener [main] APR/OpenSSL configuration: useAprConnector [false], useOpenSSL [true]
2020-12-26 19:48:00,056 INFO org.apache.catalina.core.AprLifecycleListener [main] OpenSSL successfully initialized [OpenSSL 1.1.1g  21 Apr 2020]
2020-12-26 19:48:00,215 INFO org.apache.catalina.core.ContainerBase.[Tomcat].[localhost].[/springfox] [main] Initializing Spring embedded WebApplicationContext
2020-12-26 19:48:00,215 INFO org.springframework.boot.web.servlet.context.ServletWebServerApplicationContext [main] Root WebApplicationContext: initialization completed in 3795 ms
2020-12-26 19:48:00,984 INFO org.hibernate.jpa.internal.util.LogHelper [main] HHH000204: Processing PersistenceUnitInfo [name: default]
2020-12-26 19:48:01,074 INFO org.hibernate.Version [main] HHH000412: Hibernate ORM core version 5.4.25.Final
2020-12-26 19:48:01,325 INFO org.hibernate.annotations.common.Version [main] HCANN000001: Hibernate Commons Annotations {5.1.2.Final}
2020-12-26 19:48:01,507 INFO com.zaxxer.hikari.HikariDataSource [main] HikariPool-1 - Starting...
2020-12-26 19:48:01,710 INFO com.zaxxer.hikari.HikariDataSource [main] HikariPool-1 - Start completed.
2020-12-26 19:48:01,774 INFO org.hibernate.dialect.Dialect [main] HHH000400: Using dialect: org.hibernate.dialect.PostgreSQL10Dialect
2020-12-26 19:48:04,619 INFO org.hibernate.engine.transaction.jta.platform.internal.JtaPlatformInitiator [main] HHH000490: Using JtaPlatform implementation: [org.hibernate.engine.transaction.jta.platform.internal.NoJtaPlatform]
2020-12-26 19:48:04,642 INFO org.springframework.orm.jpa.LocalContainerEntityManagerFactoryBean [main] Initialized JPA EntityManagerFactory for persistence unit 'default'
2020-12-26 19:48:05,836 WARN org.springframework.boot.autoconfigure.orm.jpa.JpaBaseConfiguration$JpaWebConfiguration [main] spring.jpa.open-in-view is enabled by default. Therefore, database queries may be performed during view rendering. Explicitly configure spring.jpa.open-in-view to disable this warning
2020-12-26 19:48:06,285 INFO org.springframework.boot.actuate.endpoint.web.EndpointLinksResolver [main] Exposing 2 endpoint(s) beneath base path '/actuator'
2020-12-26 19:48:07,419 INFO org.apache.catalina.core.ContainerBase.[Tomcat].[localhost].[/springfox] [main] Initializing Spring TestDispatcherServlet ''
2020-12-26 19:48:07,419 INFO org.springframework.test.web.servlet.TestDispatcherServlet [main] Initializing Servlet ''
2020-12-26 19:48:07,421 INFO org.springframework.test.web.servlet.TestDispatcherServlet [main] Completed initialization in 2 ms
2020-12-26 19:48:07,616 INFO org.apache.coyote.http11.Http11NioProtocol [main] Starting ProtocolHandler ["http-nio-auto-1"]
2020-12-26 19:48:07,647 INFO org.springframework.boot.web.embedded.tomcat.TomcatWebServer [main] Tomcat started on port(s): 57269 (http) with context path '/springfox'
2020-12-26 19:48:08,226 INFO com.capgemini.Zfitnessapp.controllerTest.AdminControllerTest [main] Started AdminControllerTest in 12.337 seconds (JVM running for 14.076)
2020-12-26 19:48:09,441 DEBUG com.capgemini.fitness.aspect.AdminLoggerAspect [main] Entering method : com.capgemini.fitness.controller.AdminNewController.addAdmin() with argument[s] = [Admin(admin_id=1, admin_name=pall, emailId=pune, address=abc@gmail.com, mobileNo=987654321)]
2020-12-26 19:48:09,564 INFO com.capgemini.fitness.aspect.AdminLoggerAspect [main] Admin Added.
2020-12-26 19:48:09,564 DEBUG com.capgemini.fitness.aspect.AdminLoggerAspect [main] Exiting method: com.capgemini.fitness.controller.AdminNewController.addAdmin() with result = admin:pall added to database
2020-12-26 19:48:10,148 INFO org.springframework.orm.jpa.LocalContainerEntityManagerFactoryBean [SpringContextShutdownHook] Closing JPA EntityManagerFactory for persistence unit 'default'
2020-12-26 19:48:10,152 INFO com.zaxxer.hikari.HikariDataSource [SpringContextShutdownHook] HikariPool-1 - Shutdown initiated...
2020-12-26 19:48:10,161 INFO com.zaxxer.hikari.HikariDataSource [SpringContextShutdownHook] HikariPool-1 - Shutdown completed.
2020-12-26 19:49:09,895 INFO org.springframework.boot.test.context.SpringBootTestContextBootstrapper [main] Neither @ContextConfiguration nor @ContextHierarchy found for test class [com.capgemini.Zfitnessapp.controllerTest.AdminControllerTest], using SpringBootContextLoader
2020-12-26 19:49:09,901 INFO org.springframework.test.context.support.AbstractContextLoader [main] Could not detect default resource locations for test class [com.capgemini.Zfitnessapp.controllerTest.AdminControllerTest]: no resource found for suffixes {-context.xml, Context.groovy}.
2020-12-26 19:49:10,160 INFO org.springframework.boot.test.context.SpringBootTestContextBootstrapper [main] Loaded default TestExecutionListener class names from location [META-INF/spring.factories]: [org.springframework.boot.test.mock.mockito.MockitoTestExecutionListener, org.springframework.boot.test.mock.mockito.ResetMocksTestExecutionListener, org.springframework.boot.test.autoconfigure.restdocs.RestDocsTestExecutionListener, org.springframework.boot.test.autoconfigure.web.client.MockRestServiceServerResetTestExecutionListener, org.springframework.boot.test.autoconfigure.web.servlet.MockMvcPrintOnlyOnFailureTestExecutionListener, org.springframework.boot.test.autoconfigure.web.servlet.WebDriverTestExecutionListener, org.springframework.boot.test.autoconfigure.webservices.client.MockWebServiceServerTestExecutionListener, org.springframework.test.context.web.ServletTestExecutionListener, org.springframework.test.context.support.DirtiesContextBeforeModesTestExecutionListener, org.springframework.test.context.support.DependencyInjectionTestExecutionListener, org.springframework.test.context.support.DirtiesContextTestExecutionListener, org.springframework.test.context.transaction.TransactionalTestExecutionListener, org.springframework.test.context.jdbc.SqlScriptsTestExecutionListener, org.springframework.test.context.event.EventPublishingTestExecutionListener]
2020-12-26 19:49:10,182 INFO org.springframework.boot.test.context.SpringBootTestContextBootstrapper [main] Using TestExecutionListeners: [org.springframework.test.context.web.ServletTestExecutionListener@a1f72f5, org.springframework.test.context.support.DirtiesContextBeforeModesTestExecutionListener@4b2c5e02, org.springframework.boot.test.mock.mockito.MockitoTestExecutionListener@57a3e26a, org.springframework.boot.test.autoconfigure.SpringBootDependencyInjectionTestExecutionListener@75c56eb9, org.springframework.test.context.support.DirtiesContextTestExecutionListener@4bc222e, org.springframework.test.context.transaction.TransactionalTestExecutionListener@2dc9b0f5, org.springframework.test.context.jdbc.SqlScriptsTestExecutionListener@6531a794, org.springframework.test.context.event.EventPublishingTestExecutionListener@3b5fad2d, org.springframework.boot.test.mock.mockito.ResetMocksTestExecutionListener@5e17553a, org.springframework.boot.test.autoconfigure.restdocs.RestDocsTestExecutionListener@3eb91815, org.springframework.boot.test.autoconfigure.web.client.MockRestServiceServerResetTestExecutionListener@56dc1551, org.springframework.boot.test.autoconfigure.web.servlet.MockMvcPrintOnlyOnFailureTestExecutionListener@102cec62, org.springframework.boot.test.autoconfigure.web.servlet.WebDriverTestExecutionListener@74f6c5d8, org.springframework.boot.test.autoconfigure.webservices.client.MockWebServiceServerTestExecutionListener@27912e3]
2020-12-26 19:49:10,687 INFO com.capgemini.Zfitnessapp.controllerTest.AdminControllerTest [main] Starting AdminControllerTest using Java 1.8.0_271 on Ankita with PID 14768 (started by DELL in D:\Capgemini Drive content training\Team 4 (Sprint 1 )\Z-fitness-app)
2020-12-26 19:49:10,688 DEBUG com.capgemini.Zfitnessapp.controllerTest.AdminControllerTest [main] Running with Spring Boot v2.4.1, Spring v5.3.2
2020-12-26 19:49:10,690 INFO com.capgemini.Zfitnessapp.controllerTest.AdminControllerTest [main] No active profile set, falling back to default profiles: default
2020-12-26 19:49:12,193 INFO org.springframework.data.repository.config.RepositoryConfigurationDelegate [main] Bootstrapping Spring Data JPA repositories in DEFAULT mode.
2020-12-26 19:49:12,295 INFO org.springframework.data.repository.config.RepositoryConfigurationDelegate [main] Finished Spring Data repository scanning in 88 ms. Found 4 JPA repository interfaces.
2020-12-26 19:49:14,318 INFO org.springframework.boot.web.embedded.tomcat.TomcatWebServer [main] Tomcat initialized with port(s): 0 (http)
2020-12-26 19:49:14,337 INFO org.apache.coyote.http11.Http11NioProtocol [main] Initializing ProtocolHandler ["http-nio-auto-1"]
2020-12-26 19:49:14,338 INFO org.apache.catalina.core.StandardService [main] Starting service [Tomcat]
2020-12-26 19:49:14,338 INFO org.apache.catalina.core.StandardEngine [main] Starting Servlet engine: [Apache Tomcat/9.0.41]
2020-12-26 19:49:14,339 INFO org.apache.catalina.core.AprLifecycleListener [main] Loaded Apache Tomcat Native library [1.2.25] using APR version [1.7.0].
2020-12-26 19:49:14,340 INFO org.apache.catalina.core.AprLifecycleListener [main] APR capabilities: IPv6 [true], sendfile [true], accept filters [false], random [true].
2020-12-26 19:49:14,340 INFO org.apache.catalina.core.AprLifecycleListener [main] APR/OpenSSL configuration: useAprConnector [false], useOpenSSL [true]
2020-12-26 19:49:14,344 INFO org.apache.catalina.core.AprLifecycleListener [main] OpenSSL successfully initialized [OpenSSL 1.1.1g  21 Apr 2020]
2020-12-26 19:49:14,681 INFO org.apache.catalina.core.ContainerBase.[Tomcat].[localhost].[/springfox] [main] Initializing Spring embedded WebApplicationContext
2020-12-26 19:49:14,681 INFO org.springframework.boot.web.servlet.context.ServletWebServerApplicationContext [main] Root WebApplicationContext: initialization completed in 3951 ms
2020-12-26 19:49:15,437 INFO org.hibernate.jpa.internal.util.LogHelper [main] HHH000204: Processing PersistenceUnitInfo [name: default]
2020-12-26 19:49:15,507 INFO org.hibernate.Version [main] HHH000412: Hibernate ORM core version 5.4.25.Final
2020-12-26 19:49:15,715 INFO org.hibernate.annotations.common.Version [main] HCANN000001: Hibernate Commons Annotations {5.1.2.Final}
2020-12-26 19:49:15,888 INFO com.zaxxer.hikari.HikariDataSource [main] HikariPool-1 - Starting...
2020-12-26 19:49:16,042 INFO com.zaxxer.hikari.HikariDataSource [main] HikariPool-1 - Start completed.
2020-12-26 19:49:16,080 INFO org.hibernate.dialect.Dialect [main] HHH000400: Using dialect: org.hibernate.dialect.PostgreSQL10Dialect
2020-12-26 19:49:18,978 INFO org.hibernate.engine.transaction.jta.platform.internal.JtaPlatformInitiator [main] HHH000490: Using JtaPlatform implementation: [org.hibernate.engine.transaction.jta.platform.internal.NoJtaPlatform]
2020-12-26 19:49:18,988 INFO org.springframework.orm.jpa.LocalContainerEntityManagerFactoryBean [main] Initialized JPA EntityManagerFactory for persistence unit 'default'
2020-12-26 19:49:20,098 WARN org.springframework.boot.autoconfigure.orm.jpa.JpaBaseConfiguration$JpaWebConfiguration [main] spring.jpa.open-in-view is enabled by default. Therefore, database queries may be performed during view rendering. Explicitly configure spring.jpa.open-in-view to disable this warning
2020-12-26 19:49:20,531 INFO org.springframework.boot.actuate.endpoint.web.EndpointLinksResolver [main] Exposing 2 endpoint(s) beneath base path '/actuator'
2020-12-26 19:49:21,799 INFO org.apache.catalina.core.ContainerBase.[Tomcat].[localhost].[/springfox] [main] Initializing Spring TestDispatcherServlet ''
2020-12-26 19:49:21,799 INFO org.springframework.test.web.servlet.TestDispatcherServlet [main] Initializing Servlet ''
2020-12-26 19:49:21,800 INFO org.springframework.test.web.servlet.TestDispatcherServlet [main] Completed initialization in 1 ms
2020-12-26 19:49:21,974 INFO org.apache.coyote.http11.Http11NioProtocol [main] Starting ProtocolHandler ["http-nio-auto-1"]
2020-12-26 19:49:22,006 INFO org.springframework.boot.web.embedded.tomcat.TomcatWebServer [main] Tomcat started on port(s): 57299 (http) with context path '/springfox'
2020-12-26 19:49:22,573 INFO com.capgemini.Zfitnessapp.controllerTest.AdminControllerTest [main] Started AdminControllerTest in 12.341 seconds (JVM running for 14.062)
2020-12-26 19:49:23,180 WARN org.springframework.web.servlet.mvc.support.DefaultHandlerExceptionResolver [main] Resolved [org.springframework.http.converter.HttpMessageNotReadableException: Required request body is missing: public java.lang.String com.capgemini.fitness.controller.AdminNewController.addAdmin(com.capgemini.fitness.entity.Admin)]
2020-12-26 19:49:23,624 INFO org.springframework.orm.jpa.LocalContainerEntityManagerFactoryBean [SpringContextShutdownHook] Closing JPA EntityManagerFactory for persistence unit 'default'
2020-12-26 19:49:23,627 INFO com.zaxxer.hikari.HikariDataSource [SpringContextShutdownHook] HikariPool-1 - Shutdown initiated...
2020-12-26 19:49:23,638 INFO com.zaxxer.hikari.HikariDataSource [SpringContextShutdownHook] HikariPool-1 - Shutdown completed.
2020-12-26 20:02:35,631 INFO org.springframework.boot.test.context.SpringBootTestContextBootstrapper [main] Neither @ContextConfiguration nor @ContextHierarchy found for test class [com.capgemini.Zfitnessapp.controllerTest.AdminControllerTest], using SpringBootContextLoader
2020-12-26 20:02:35,637 INFO org.springframework.test.context.support.AbstractContextLoader [main] Could not detect default resource locations for test class [com.capgemini.Zfitnessapp.controllerTest.AdminControllerTest]: no resource found for suffixes {-context.xml, Context.groovy}.
2020-12-26 20:02:35,888 INFO org.springframework.boot.test.context.SpringBootTestContextBootstrapper [main] Loaded default TestExecutionListener class names from location [META-INF/spring.factories]: [org.springframework.boot.test.mock.mockito.MockitoTestExecutionListener, org.springframework.boot.test.mock.mockito.ResetMocksTestExecutionListener, org.springframework.boot.test.autoconfigure.restdocs.RestDocsTestExecutionListener, org.springframework.boot.test.autoconfigure.web.client.MockRestServiceServerResetTestExecutionListener, org.springframework.boot.test.autoconfigure.web.servlet.MockMvcPrintOnlyOnFailureTestExecutionListener, org.springframework.boot.test.autoconfigure.web.servlet.WebDriverTestExecutionListener, org.springframework.boot.test.autoconfigure.webservices.client.MockWebServiceServerTestExecutionListener, org.springframework.test.context.web.ServletTestExecutionListener, org.springframework.test.context.support.DirtiesContextBeforeModesTestExecutionListener, org.springframework.test.context.support.DependencyInjectionTestExecutionListener, org.springframework.test.context.support.DirtiesContextTestExecutionListener, org.springframework.test.context.transaction.TransactionalTestExecutionListener, org.springframework.test.context.jdbc.SqlScriptsTestExecutionListener, org.springframework.test.context.event.EventPublishingTestExecutionListener]
2020-12-26 20:02:35,916 INFO org.springframework.boot.test.context.SpringBootTestContextBootstrapper [main] Using TestExecutionListeners: [org.springframework.test.context.web.ServletTestExecutionListener@4b2c5e02, org.springframework.test.context.support.DirtiesContextBeforeModesTestExecutionListener@57a3e26a, org.springframework.boot.test.mock.mockito.MockitoTestExecutionListener@75c56eb9, org.springframework.boot.test.autoconfigure.SpringBootDependencyInjectionTestExecutionListener@4bc222e, org.springframework.test.context.support.DirtiesContextTestExecutionListener@2dc9b0f5, org.springframework.test.context.transaction.TransactionalTestExecutionListener@6531a794, org.springframework.test.context.jdbc.SqlScriptsTestExecutionListener@3b5fad2d, org.springframework.test.context.event.EventPublishingTestExecutionListener@5e17553a, org.springframework.boot.test.mock.mockito.ResetMocksTestExecutionListener@3eb91815, org.springframework.boot.test.autoconfigure.restdocs.RestDocsTestExecutionListener@56dc1551, org.springframework.boot.test.autoconfigure.web.client.MockRestServiceServerResetTestExecutionListener@102cec62, org.springframework.boot.test.autoconfigure.web.servlet.MockMvcPrintOnlyOnFailureTestExecutionListener@74f6c5d8, org.springframework.boot.test.autoconfigure.web.servlet.WebDriverTestExecutionListener@27912e3, org.springframework.boot.test.autoconfigure.webservices.client.MockWebServiceServerTestExecutionListener@34b9f960]
2020-12-26 20:02:36,445 INFO com.capgemini.Zfitnessapp.controllerTest.AdminControllerTest [main] Starting AdminControllerTest using Java 1.8.0_271 on Ankita with PID 17128 (started by DELL in D:\Capgemini Drive content training\Team 4 (Sprint 1 )\Z-fitness-app)
2020-12-26 20:02:36,446 DEBUG com.capgemini.Zfitnessapp.controllerTest.AdminControllerTest [main] Running with Spring Boot v2.4.1, Spring v5.3.2
2020-12-26 20:02:36,448 INFO com.capgemini.Zfitnessapp.controllerTest.AdminControllerTest [main] No active profile set, falling back to default profiles: default
2020-12-26 20:02:37,925 INFO org.springframework.data.repository.config.RepositoryConfigurationDelegate [main] Bootstrapping Spring Data JPA repositories in DEFAULT mode.
2020-12-26 20:02:38,025 INFO org.springframework.data.repository.config.RepositoryConfigurationDelegate [main] Finished Spring Data repository scanning in 88 ms. Found 4 JPA repository interfaces.
2020-12-26 20:02:40,032 INFO org.springframework.boot.web.embedded.tomcat.TomcatWebServer [main] Tomcat initialized with port(s): 0 (http)
2020-12-26 20:02:40,050 INFO org.apache.coyote.http11.Http11NioProtocol [main] Initializing ProtocolHandler ["http-nio-auto-1"]
2020-12-26 20:02:40,051 INFO org.apache.catalina.core.StandardService [main] Starting service [Tomcat]
2020-12-26 20:02:40,051 INFO org.apache.catalina.core.StandardEngine [main] Starting Servlet engine: [Apache Tomcat/9.0.41]
2020-12-26 20:02:40,053 INFO org.apache.catalina.core.AprLifecycleListener [main] Loaded Apache Tomcat Native library [1.2.25] using APR version [1.7.0].
2020-12-26 20:02:40,054 INFO org.apache.catalina.core.AprLifecycleListener [main] APR capabilities: IPv6 [true], sendfile [true], accept filters [false], random [true].
2020-12-26 20:02:40,054 INFO org.apache.catalina.core.AprLifecycleListener [main] APR/OpenSSL configuration: useAprConnector [false], useOpenSSL [true]
2020-12-26 20:02:40,057 INFO org.apache.catalina.core.AprLifecycleListener [main] OpenSSL successfully initialized [OpenSSL 1.1.1g  21 Apr 2020]
2020-12-26 20:02:40,216 INFO org.apache.catalina.core.ContainerBase.[Tomcat].[localhost].[/springfox] [main] Initializing Spring embedded WebApplicationContext
2020-12-26 20:02:40,216 INFO org.springframework.boot.web.servlet.context.ServletWebServerApplicationContext [main] Root WebApplicationContext: initialization completed in 3735 ms
2020-12-26 20:02:41,076 INFO org.hibernate.jpa.internal.util.LogHelper [main] HHH000204: Processing PersistenceUnitInfo [name: default]
2020-12-26 20:02:41,174 INFO org.hibernate.Version [main] HHH000412: Hibernate ORM core version 5.4.25.Final
2020-12-26 20:02:41,441 INFO org.hibernate.annotations.common.Version [main] HCANN000001: Hibernate Commons Annotations {5.1.2.Final}
2020-12-26 20:02:41,648 INFO com.zaxxer.hikari.HikariDataSource [main] HikariPool-1 - Starting...
2020-12-26 20:02:41,821 INFO com.zaxxer.hikari.HikariDataSource [main] HikariPool-1 - Start completed.
2020-12-26 20:02:41,861 INFO org.hibernate.dialect.Dialect [main] HHH000400: Using dialect: org.hibernate.dialect.PostgreSQL10Dialect
2020-12-26 20:02:44,645 INFO org.hibernate.engine.transaction.jta.platform.internal.JtaPlatformInitiator [main] HHH000490: Using JtaPlatform implementation: [org.hibernate.engine.transaction.jta.platform.internal.NoJtaPlatform]
2020-12-26 20:02:44,664 INFO org.springframework.orm.jpa.LocalContainerEntityManagerFactoryBean [main] Initialized JPA EntityManagerFactory for persistence unit 'default'
2020-12-26 20:02:45,812 WARN org.springframework.boot.autoconfigure.orm.jpa.JpaBaseConfiguration$JpaWebConfiguration [main] spring.jpa.open-in-view is enabled by default. Therefore, database queries may be performed during view rendering. Explicitly configure spring.jpa.open-in-view to disable this warning
2020-12-26 20:02:46,269 INFO org.springframework.boot.actuate.endpoint.web.EndpointLinksResolver [main] Exposing 2 endpoint(s) beneath base path '/actuator'
2020-12-26 20:02:47,404 INFO org.apache.catalina.core.ContainerBase.[Tomcat].[localhost].[/springfox] [main] Initializing Spring TestDispatcherServlet ''
2020-12-26 20:02:47,405 INFO org.springframework.test.web.servlet.TestDispatcherServlet [main] Initializing Servlet ''
2020-12-26 20:02:47,406 INFO org.springframework.test.web.servlet.TestDispatcherServlet [main] Completed initialization in 1 ms
2020-12-26 20:02:47,589 INFO org.apache.coyote.http11.Http11NioProtocol [main] Starting ProtocolHandler ["http-nio-auto-1"]
2020-12-26 20:02:47,622 INFO org.springframework.boot.web.embedded.tomcat.TomcatWebServer [main] Tomcat started on port(s): 57497 (http) with context path '/springfox'
2020-12-26 20:02:48,172 INFO com.capgemini.Zfitnessapp.controllerTest.AdminControllerTest [main] Started AdminControllerTest in 12.199 seconds (JVM running for 13.981)
2020-12-26 20:02:48,797 DEBUG com.capgemini.fitness.aspect.AdminLoggerAspect [main] Entering method : com.capgemini.fitness.controller.AdminNewController.addAdmin() with argument[s] = [Admin(admin_id=1, admin_name=pall, emailId=pune, address=abc@gmail.com, mobileNo=987654321)]
2020-12-26 20:02:48,885 INFO com.capgemini.fitness.aspect.AdminLoggerAspect [main] Admin Added.
2020-12-26 20:02:48,885 DEBUG com.capgemini.fitness.aspect.AdminLoggerAspect [main] Exiting method: com.capgemini.fitness.controller.AdminNewController.addAdmin() with result = admin:pall added to database
2020-12-26 20:02:49,064 WARN org.springframework.web.servlet.mvc.support.DefaultHandlerExceptionResolver [main] Resolved [org.springframework.web.HttpRequestMethodNotSupportedException: Request method 'GET' not supported]
2020-12-26 20:02:49,540 INFO org.springframework.orm.jpa.LocalContainerEntityManagerFactoryBean [SpringContextShutdownHook] Closing JPA EntityManagerFactory for persistence unit 'default'
2020-12-26 20:02:49,550 INFO com.zaxxer.hikari.HikariDataSource [SpringContextShutdownHook] HikariPool-1 - Shutdown initiated...
2020-12-26 20:02:49,566 INFO com.zaxxer.hikari.HikariDataSource [SpringContextShutdownHook] HikariPool-1 - Shutdown completed.
2020-12-26 20:03:24,206 INFO org.springframework.boot.test.context.SpringBootTestContextBootstrapper [main] Neither @ContextConfiguration nor @ContextHierarchy found for test class [com.capgemini.Zfitnessapp.controllerTest.AdminControllerTest], using SpringBootContextLoader
2020-12-26 20:03:24,210 INFO org.springframework.test.context.support.AbstractContextLoader [main] Could not detect default resource locations for test class [com.capgemini.Zfitnessapp.controllerTest.AdminControllerTest]: no resource found for suffixes {-context.xml, Context.groovy}.
2020-12-26 20:03:24,478 INFO org.springframework.boot.test.context.SpringBootTestContextBootstrapper [main] Loaded default TestExecutionListener class names from location [META-INF/spring.factories]: [org.springframework.boot.test.mock.mockito.MockitoTestExecutionListener, org.springframework.boot.test.mock.mockito.ResetMocksTestExecutionListener, org.springframework.boot.test.autoconfigure.restdocs.RestDocsTestExecutionListener, org.springframework.boot.test.autoconfigure.web.client.MockRestServiceServerResetTestExecutionListener, org.springframework.boot.test.autoconfigure.web.servlet.MockMvcPrintOnlyOnFailureTestExecutionListener, org.springframework.boot.test.autoconfigure.web.servlet.WebDriverTestExecutionListener, org.springframework.boot.test.autoconfigure.webservices.client.MockWebServiceServerTestExecutionListener, org.springframework.test.context.web.ServletTestExecutionListener, org.springframework.test.context.support.DirtiesContextBeforeModesTestExecutionListener, org.springframework.test.context.support.DependencyInjectionTestExecutionListener, org.springframework.test.context.support.DirtiesContextTestExecutionListener, org.springframework.test.context.transaction.TransactionalTestExecutionListener, org.springframework.test.context.jdbc.SqlScriptsTestExecutionListener, org.springframework.test.context.event.EventPublishingTestExecutionListener]
2020-12-26 20:03:24,505 INFO org.springframework.boot.test.context.SpringBootTestContextBootstrapper [main] Using TestExecutionListeners: [org.springframework.test.context.web.ServletTestExecutionListener@19b843ba, org.springframework.test.context.support.DirtiesContextBeforeModesTestExecutionListener@64ec96c6, org.springframework.boot.test.mock.mockito.MockitoTestExecutionListener@77659b30, org.springframework.boot.test.autoconfigure.SpringBootDependencyInjectionTestExecutionListener@456d6c1e, org.springframework.test.context.support.DirtiesContextTestExecutionListener@1e13529a, org.springframework.test.context.transaction.TransactionalTestExecutionListener@1ec9bd38, org.springframework.test.context.jdbc.SqlScriptsTestExecutionListener@452e19ca, org.springframework.test.context.event.EventPublishingTestExecutionListener@6b0d80ed, org.springframework.boot.test.mock.mockito.ResetMocksTestExecutionListener@6f8e8894, org.springframework.boot.test.autoconfigure.restdocs.RestDocsTestExecutionListener@3cfdd820, org.springframework.boot.test.autoconfigure.web.client.MockRestServiceServerResetTestExecutionListener@928763c, org.springframework.boot.test.autoconfigure.web.servlet.MockMvcPrintOnlyOnFailureTestExecutionListener@e25951c, org.springframework.boot.test.autoconfigure.web.servlet.WebDriverTestExecutionListener@15f47664, org.springframework.boot.test.autoconfigure.webservices.client.MockWebServiceServerTestExecutionListener@471a9022]
2020-12-26 20:03:25,036 INFO com.capgemini.Zfitnessapp.controllerTest.AdminControllerTest [main] Starting AdminControllerTest using Java 1.8.0_271 on Ankita with PID 10700 (started by DELL in D:\Capgemini Drive content training\Team 4 (Sprint 1 )\Z-fitness-app)
2020-12-26 20:03:25,037 DEBUG com.capgemini.Zfitnessapp.controllerTest.AdminControllerTest [main] Running with Spring Boot v2.4.1, Spring v5.3.2
2020-12-26 20:03:25,043 INFO com.capgemini.Zfitnessapp.controllerTest.AdminControllerTest [main] No active profile set, falling back to default profiles: default
2020-12-26 20:03:26,509 INFO org.springframework.data.repository.config.RepositoryConfigurationDelegate [main] Bootstrapping Spring Data JPA repositories in DEFAULT mode.
2020-12-26 20:03:26,598 INFO org.springframework.data.repository.config.RepositoryConfigurationDelegate [main] Finished Spring Data repository scanning in 81 ms. Found 4 JPA repository interfaces.
2020-12-26 20:03:28,583 INFO org.springframework.boot.web.embedded.tomcat.TomcatWebServer [main] Tomcat initialized with port(s): 0 (http)
2020-12-26 20:03:28,598 INFO org.apache.coyote.http11.Http11NioProtocol [main] Initializing ProtocolHandler ["http-nio-auto-1"]
2020-12-26 20:03:28,599 INFO org.apache.catalina.core.StandardService [main] Starting service [Tomcat]
2020-12-26 20:03:28,599 INFO org.apache.catalina.core.StandardEngine [main] Starting Servlet engine: [Apache Tomcat/9.0.41]
2020-12-26 20:03:28,600 INFO org.apache.catalina.core.AprLifecycleListener [main] Loaded Apache Tomcat Native library [1.2.25] using APR version [1.7.0].
2020-12-26 20:03:28,601 INFO org.apache.catalina.core.AprLifecycleListener [main] APR capabilities: IPv6 [true], sendfile [true], accept filters [false], random [true].
2020-12-26 20:03:28,601 INFO org.apache.catalina.core.AprLifecycleListener [main] APR/OpenSSL configuration: useAprConnector [false], useOpenSSL [true]
2020-12-26 20:03:28,605 INFO org.apache.catalina.core.AprLifecycleListener [main] OpenSSL successfully initialized [OpenSSL 1.1.1g  21 Apr 2020]
2020-12-26 20:03:28,757 INFO org.apache.catalina.core.ContainerBase.[Tomcat].[localhost].[/springfox] [main] Initializing Spring embedded WebApplicationContext
2020-12-26 20:03:28,757 INFO org.springframework.boot.web.servlet.context.ServletWebServerApplicationContext [main] Root WebApplicationContext: initialization completed in 3680 ms
2020-12-26 20:03:29,635 INFO org.hibernate.jpa.internal.util.LogHelper [main] HHH000204: Processing PersistenceUnitInfo [name: default]
2020-12-26 20:03:29,735 INFO org.hibernate.Version [main] HHH000412: Hibernate ORM core version 5.4.25.Final
2020-12-26 20:03:29,954 INFO org.hibernate.annotations.common.Version [main] HCANN000001: Hibernate Commons Annotations {5.1.2.Final}
2020-12-26 20:03:30,105 INFO com.zaxxer.hikari.HikariDataSource [main] HikariPool-1 - Starting...
2020-12-26 20:03:30,292 INFO com.zaxxer.hikari.HikariDataSource [main] HikariPool-1 - Start completed.
2020-12-26 20:03:30,350 INFO org.hibernate.dialect.Dialect [main] HHH000400: Using dialect: org.hibernate.dialect.PostgreSQL10Dialect
2020-12-26 20:03:33,195 INFO org.hibernate.engine.transaction.jta.platform.internal.JtaPlatformInitiator [main] HHH000490: Using JtaPlatform implementation: [org.hibernate.engine.transaction.jta.platform.internal.NoJtaPlatform]
2020-12-26 20:03:33,243 INFO org.springframework.orm.jpa.LocalContainerEntityManagerFactoryBean [main] Initialized JPA EntityManagerFactory for persistence unit 'default'
2020-12-26 20:03:34,420 WARN org.springframework.boot.autoconfigure.orm.jpa.JpaBaseConfiguration$JpaWebConfiguration [main] spring.jpa.open-in-view is enabled by default. Therefore, database queries may be performed during view rendering. Explicitly configure spring.jpa.open-in-view to disable this warning
2020-12-26 20:03:34,840 INFO org.springframework.boot.actuate.endpoint.web.EndpointLinksResolver [main] Exposing 2 endpoint(s) beneath base path '/actuator'
2020-12-26 20:03:36,009 INFO org.apache.catalina.core.ContainerBase.[Tomcat].[localhost].[/springfox] [main] Initializing Spring TestDispatcherServlet ''
2020-12-26 20:03:36,009 INFO org.springframework.test.web.servlet.TestDispatcherServlet [main] Initializing Servlet ''
2020-12-26 20:03:36,011 INFO org.springframework.test.web.servlet.TestDispatcherServlet [main] Completed initialization in 2 ms
2020-12-26 20:03:36,189 INFO org.apache.coyote.http11.Http11NioProtocol [main] Starting ProtocolHandler ["http-nio-auto-1"]
2020-12-26 20:03:36,220 INFO org.springframework.boot.web.embedded.tomcat.TomcatWebServer [main] Tomcat started on port(s): 57523 (http) with context path '/springfox'
2020-12-26 20:03:36,775 INFO com.capgemini.Zfitnessapp.controllerTest.AdminControllerTest [main] Started AdminControllerTest in 12.211 seconds (JVM running for 13.922)
2020-12-26 20:03:37,368 WARN org.springframework.web.servlet.mvc.support.DefaultHandlerExceptionResolver [main] Resolved [org.springframework.web.HttpRequestMethodNotSupportedException: Request method 'GET' not supported]
2020-12-26 20:03:37,744 INFO org.springframework.orm.jpa.LocalContainerEntityManagerFactoryBean [SpringContextShutdownHook] Closing JPA EntityManagerFactory for persistence unit 'default'
2020-12-26 20:03:37,749 INFO com.zaxxer.hikari.HikariDataSource [SpringContextShutdownHook] HikariPool-1 - Shutdown initiated...
2020-12-26 20:03:37,759 INFO com.zaxxer.hikari.HikariDataSource [SpringContextShutdownHook] HikariPool-1 - Shutdown completed.
2020-12-26 20:04:09,558 INFO org.springframework.boot.test.context.SpringBootTestContextBootstrapper [main] Neither @ContextConfiguration nor @ContextHierarchy found for test class [com.capgemini.Zfitnessapp.controllerTest.AdminControllerTest], using SpringBootContextLoader
2020-12-26 20:04:09,564 INFO org.springframework.test.context.support.AbstractContextLoader [main] Could not detect default resource locations for test class [com.capgemini.Zfitnessapp.controllerTest.AdminControllerTest]: no resource found for suffixes {-context.xml, Context.groovy}.
2020-12-26 20:04:09,877 INFO org.springframework.boot.test.context.SpringBootTestContextBootstrapper [main] Loaded default TestExecutionListener class names from location [META-INF/spring.factories]: [org.springframework.boot.test.mock.mockito.MockitoTestExecutionListener, org.springframework.boot.test.mock.mockito.ResetMocksTestExecutionListener, org.springframework.boot.test.autoconfigure.restdocs.RestDocsTestExecutionListener, org.springframework.boot.test.autoconfigure.web.client.MockRestServiceServerResetTestExecutionListener, org.springframework.boot.test.autoconfigure.web.servlet.MockMvcPrintOnlyOnFailureTestExecutionListener, org.springframework.boot.test.autoconfigure.web.servlet.WebDriverTestExecutionListener, org.springframework.boot.test.autoconfigure.webservices.client.MockWebServiceServerTestExecutionListener, org.springframework.test.context.web.ServletTestExecutionListener, org.springframework.test.context.support.DirtiesContextBeforeModesTestExecutionListener, org.springframework.test.context.support.DependencyInjectionTestExecutionListener, org.springframework.test.context.support.DirtiesContextTestExecutionListener, org.springframework.test.context.transaction.TransactionalTestExecutionListener, org.springframework.test.context.jdbc.SqlScriptsTestExecutionListener, org.springframework.test.context.event.EventPublishingTestExecutionListener]
2020-12-26 20:04:09,902 INFO org.springframework.boot.test.context.SpringBootTestContextBootstrapper [main] Using TestExecutionListeners: [org.springframework.test.context.web.ServletTestExecutionListener@19b843ba, org.springframework.test.context.support.DirtiesContextBeforeModesTestExecutionListener@64ec96c6, org.springframework.boot.test.mock.mockito.MockitoTestExecutionListener@77659b30, org.springframework.boot.test.autoconfigure.SpringBootDependencyInjectionTestExecutionListener@456d6c1e, org.springframework.test.context.support.DirtiesContextTestExecutionListener@1e13529a, org.springframework.test.context.transaction.TransactionalTestExecutionListener@1ec9bd38, org.springframework.test.context.jdbc.SqlScriptsTestExecutionListener@452e19ca, org.springframework.test.context.event.EventPublishingTestExecutionListener@6b0d80ed, org.springframework.boot.test.mock.mockito.ResetMocksTestExecutionListener@6f8e8894, org.springframework.boot.test.autoconfigure.restdocs.RestDocsTestExecutionListener@3cfdd820, org.springframework.boot.test.autoconfigure.web.client.MockRestServiceServerResetTestExecutionListener@928763c, org.springframework.boot.test.autoconfigure.web.servlet.MockMvcPrintOnlyOnFailureTestExecutionListener@e25951c, org.springframework.boot.test.autoconfigure.web.servlet.WebDriverTestExecutionListener@15f47664, org.springframework.boot.test.autoconfigure.webservices.client.MockWebServiceServerTestExecutionListener@471a9022]
2020-12-26 20:04:10,437 INFO com.capgemini.Zfitnessapp.controllerTest.AdminControllerTest [main] Starting AdminControllerTest using Java 1.8.0_271 on Ankita with PID 6164 (started by DELL in D:\Capgemini Drive content training\Team 4 (Sprint 1 )\Z-fitness-app)
2020-12-26 20:04:10,438 DEBUG com.capgemini.Zfitnessapp.controllerTest.AdminControllerTest [main] Running with Spring Boot v2.4.1, Spring v5.3.2
2020-12-26 20:04:10,443 INFO com.capgemini.Zfitnessapp.controllerTest.AdminControllerTest [main] No active profile set, falling back to default profiles: default
2020-12-26 20:04:11,917 INFO org.springframework.data.repository.config.RepositoryConfigurationDelegate [main] Bootstrapping Spring Data JPA repositories in DEFAULT mode.
2020-12-26 20:04:12,008 INFO org.springframework.data.repository.config.RepositoryConfigurationDelegate [main] Finished Spring Data repository scanning in 82 ms. Found 4 JPA repository interfaces.
2020-12-26 20:04:13,974 INFO org.springframework.boot.web.embedded.tomcat.TomcatWebServer [main] Tomcat initialized with port(s): 0 (http)
2020-12-26 20:04:13,986 INFO org.apache.coyote.http11.Http11NioProtocol [main] Initializing ProtocolHandler ["http-nio-auto-1"]
2020-12-26 20:04:13,987 INFO org.apache.catalina.core.StandardService [main] Starting service [Tomcat]
2020-12-26 20:04:13,987 INFO org.apache.catalina.core.StandardEngine [main] Starting Servlet engine: [Apache Tomcat/9.0.41]
2020-12-26 20:04:13,989 INFO org.apache.catalina.core.AprLifecycleListener [main] Loaded Apache Tomcat Native library [1.2.25] using APR version [1.7.0].
2020-12-26 20:04:13,989 INFO org.apache.catalina.core.AprLifecycleListener [main] APR capabilities: IPv6 [true], sendfile [true], accept filters [false], random [true].
2020-12-26 20:04:13,989 INFO org.apache.catalina.core.AprLifecycleListener [main] APR/OpenSSL configuration: useAprConnector [false], useOpenSSL [true]
2020-12-26 20:04:13,992 INFO org.apache.catalina.core.AprLifecycleListener [main] OpenSSL successfully initialized [OpenSSL 1.1.1g  21 Apr 2020]
2020-12-26 20:04:14,149 INFO org.apache.catalina.core.ContainerBase.[Tomcat].[localhost].[/springfox] [main] Initializing Spring embedded WebApplicationContext
2020-12-26 20:04:14,150 INFO org.springframework.boot.web.servlet.context.ServletWebServerApplicationContext [main] Root WebApplicationContext: initialization completed in 3675 ms
2020-12-26 20:04:14,931 INFO org.hibernate.jpa.internal.util.LogHelper [main] HHH000204: Processing PersistenceUnitInfo [name: default]
2020-12-26 20:04:15,021 INFO org.hibernate.Version [main] HHH000412: Hibernate ORM core version 5.4.25.Final
2020-12-26 20:04:15,258 INFO org.hibernate.annotations.common.Version [main] HCANN000001: Hibernate Commons Annotations {5.1.2.Final}
2020-12-26 20:04:15,460 INFO com.zaxxer.hikari.HikariDataSource [main] HikariPool-1 - Starting...
2020-12-26 20:04:15,657 INFO com.zaxxer.hikari.HikariDataSource [main] HikariPool-1 - Start completed.
2020-12-26 20:04:15,705 INFO org.hibernate.dialect.Dialect [main] HHH000400: Using dialect: org.hibernate.dialect.PostgreSQL10Dialect
2020-12-26 20:04:18,548 INFO org.hibernate.engine.transaction.jta.platform.internal.JtaPlatformInitiator [main] HHH000490: Using JtaPlatform implementation: [org.hibernate.engine.transaction.jta.platform.internal.NoJtaPlatform]
2020-12-26 20:04:18,560 INFO org.springframework.orm.jpa.LocalContainerEntityManagerFactoryBean [main] Initialized JPA EntityManagerFactory for persistence unit 'default'
2020-12-26 20:04:19,707 WARN org.springframework.boot.autoconfigure.orm.jpa.JpaBaseConfiguration$JpaWebConfiguration [main] spring.jpa.open-in-view is enabled by default. Therefore, database queries may be performed during view rendering. Explicitly configure spring.jpa.open-in-view to disable this warning
2020-12-26 20:04:20,145 INFO org.springframework.boot.actuate.endpoint.web.EndpointLinksResolver [main] Exposing 2 endpoint(s) beneath base path '/actuator'
2020-12-26 20:04:21,351 INFO org.apache.catalina.core.ContainerBase.[Tomcat].[localhost].[/springfox] [main] Initializing Spring TestDispatcherServlet ''
2020-12-26 20:04:21,352 INFO org.springframework.test.web.servlet.TestDispatcherServlet [main] Initializing Servlet ''
2020-12-26 20:04:21,354 INFO org.springframework.test.web.servlet.TestDispatcherServlet [main] Completed initialization in 2 ms
2020-12-26 20:04:21,519 INFO org.apache.coyote.http11.Http11NioProtocol [main] Starting ProtocolHandler ["http-nio-auto-1"]
2020-12-26 20:04:21,548 INFO org.springframework.boot.web.embedded.tomcat.TomcatWebServer [main] Tomcat started on port(s): 57550 (http) with context path '/springfox'
2020-12-26 20:04:22,050 INFO com.capgemini.Zfitnessapp.controllerTest.AdminControllerTest [main] Started AdminControllerTest in 12.098 seconds (JVM running for 13.865)
2020-12-26 20:04:22,703 WARN org.springframework.web.servlet.mvc.support.DefaultHandlerExceptionResolver [main] Resolved [org.springframework.web.HttpRequestMethodNotSupportedException: Request method 'GET' not supported]
2020-12-26 20:04:23,076 INFO org.springframework.orm.jpa.LocalContainerEntityManagerFactoryBean [SpringContextShutdownHook] Closing JPA EntityManagerFactory for persistence unit 'default'
2020-12-26 20:04:23,081 INFO com.zaxxer.hikari.HikariDataSource [SpringContextShutdownHook] HikariPool-1 - Shutdown initiated...
2020-12-26 20:04:23,092 INFO com.zaxxer.hikari.HikariDataSource [SpringContextShutdownHook] HikariPool-1 - Shutdown completed.
